<?xml version="1.0" encoding="UTF-8"?>
<coverage generated="1365848893">
  <project timestamp="1365848893">
    <file name="/tmp/php-test-reporter-example-project/test.php">
      <class name="TestFile" namespace="global">
        <metrics methods="1" coveredmethods="0" conditionals="0" coveredconditionals="0" statements="1" coveredstatements="0" elements="2" coveredelements="0"/>
      </class>
      <line num="5" type="method" name="__construct" crap="1" count="0"/>
      <line num="7" type="stmt" count="0"/>
    </file>
    <package name="Hoge">
      <file name="/tmp/php-test-reporter-example-project/test2.php">
        <class name="TestFile" namespace="Hoge">
          <metrics methods="1" coveredmethods="0" conditionals="0" coveredconditionals="0" statements="1" coveredstatements="0" elements="2" coveredelements="0"/>
        </class>
        <line num="6" type="method" name="__construct" crap="1" count="0"/>
        <line num="8" type="stmt" count="0"/>
      </file>
    </package>
  </project>
</coverage>
